<?xml version="1.0" encoding="UTF-8"?>
<!-- Generated by org.testng.reporters.JUnitXMLReporter -->
<testsuite ignored="0" hostname="LAPTOP-2DHTLVVT" failures="1" tests="3" name="Test" time="0.113" errors="0" timestamp="2023-08-30T16:38:30 IST">
  <testcase classname="listeners.Runner_class" name="test1" time="0.015"/>
  <testcase classname="listeners.Runner_class" name="test2" time="0.009">
    <failure type="java.lang.AssertionError" message="null">
      <![CDATA[java.lang.AssertionError: null
at listeners.Runner_class.test2(Runner_class.java:19)
at java.base/java.util.ArrayList.forEach(ArrayList.java:1511)
... Removed 29 stack frames]]>
    </failure>
  </testcase> <!-- test2 -->
  <testcase classname="listeners.Runner_class" name="test3" time="0.0">
    <skipped/>
  </testcase> <!-- test3 -->
</testsuite> <!-- Test -->
